<?xml version="1.0" encoding="UTF-8"?>
<testsuite name="com.example.restservice.UserTest" tests="9" skipped="0" failures="0" errors="0" timestamp="2022-07-28T14:11:00" hostname="KREEK" time="0.061">
  <properties/>
  <testcase name="getAge()" classname="com.example.restservice.UserTest" time="0.035"/>
  <testcase name="getBirthDate()" classname="com.example.restservice.UserTest" time="0.001"/>
  <testcase name="getName()" classname="com.example.restservice.UserTest" time="0.001"/>
  <testcase name="getId()" classname="com.example.restservice.UserTest" time="0.002"/>
  <testcase name="setId()" classname="com.example.restservice.UserTest" time="0.002"/>
  <testcase name="setBirthDate()" classname="com.example.restservice.UserTest" time="0.003"/>
  <testcase name="setEmail()" classname="com.example.restservice.UserTest" time="0.003"/>
  <testcase name="getEmail()" classname="com.example.restservice.UserTest" time="0.001"/>
  <testcase name="setName()" classname="com.example.restservice.UserTest" time="0.002"/>
  <system-out><![CDATA[]]></system-out>
  <system-err><![CDATA[]]></system-err>
</testsuite>
